<?xml version="1.0" encoding="UTF-8"?>
<!-- Generated by org.testng.reporters.JUnitXMLReporter -->
<testsuite ignored="1" hostname="Sanjay" failures="0" tests="2" name="Default test" time="0.124" errors="0" timestamp="2023-09-03T00:24:26 IST">
  <testcase classname="javapackage.TestNGTrueFalseUsingEnable3" name="b" time="0.022"/>
  <testcase classname="javapackage.TestNGTrueFalseUsingEnable3" name="a" time="0.003"/>
  <testcase classname="javapackage.TestNGTrueFalseUsingEnable3" name="c" time="0.0">
    <ignored/>
  </testcase> <!-- c -->
</testsuite> <!-- Default test -->
