<?xml version="1.0" encoding="UTF-8"?>
<testng-results ignored="0" total="2" passed="2" failed="0" skipped="0">
  <reporter-output>
  </reporter-output>
  <suite started-at="2023-09-03T00:24:26 IST" name="Default suite" finished-at="2023-09-03T00:24:26 IST" duration-ms="124">
    <groups>
    </groups>
    <test started-at="2023-09-03T00:24:26 IST" name="Default test" finished-at="2023-09-03T00:24:26 IST" duration-ms="124">
      <class name="javapackage.TestNGTrueFalseUsingEnable3">
        <test-method signature="b()[pri:1, instance:javapackage.TestNGTrueFalseUsingEnable3@61862a7f]" started-at="2023-09-03T00:24:26 IST" name="b" finished-at="2023-09-03T00:24:26 IST" duration-ms="22" status="PASS">
          <reporter-output>
          </reporter-output>
        </test-method> <!-- b -->
        <test-method signature="a()[pri:2, instance:javapackage.TestNGTrueFalseUsingEnable3@61862a7f]" started-at="2023-09-03T00:24:26 IST" name="a" finished-at="2023-09-03T00:24:26 IST" duration-ms="3" status="PASS">
          <reporter-output>
          </reporter-output>
        </test-method> <!-- a -->
      </class> <!-- javapackage.TestNGTrueFalseUsingEnable3 -->
    </test> <!-- Default test -->
  </suite> <!-- Default suite -->
</testng-results>
